<?xml version="1.0" encoding="UTF-8"?>
<beans xmlns="http://www.springframework.org/schema/beans" xmlns:xsi="http://www.w3.org/2001/XMLSchema-instance"
  xsi:schemaLocation="http://www.springframework.org/schema/beans http://www.springframework.org/schema/beans/spring-beans-2.0.xsd">
  <bean id="testPhoneModel" parent="abstractPhoneModel" class="org.sipfoundry.sipxconfig.phone.TestPhoneModel">
    <property name="label" value="Test Phone" />
  </bean>

  <bean id="testPhone" class="org.sipfoundry.sipxconfig.phone.TestPhone" scope="prototype" parent="abstractPhone" />
</beans>
